<?xml version="1.0" encoding="UTF-8"?>
<testng-results ignored="0" total="1" passed="1" failed="0" skipped="0">
  <reporter-output>
  </reporter-output>
  <suite started-at="2022-06-17T11:25:15 IST" name="Default suite" finished-at="2022-06-17T11:25:32 IST" duration-ms="16915">
    <groups>
    </groups>
    <test started-at="2022-06-17T11:25:15 IST" name="Default test" finished-at="2022-06-17T11:25:32 IST" duration-ms="16915">
      <class name="com.voot.Voot">
        <test-method signature="test()[pri:0, instance:com.voot.Voot@2e005c4b]" started-at="2022-06-17T11:25:15 IST" name="test" finished-at="2022-06-17T11:25:32 IST" duration-ms="16854" status="PASS">
          <reporter-output>
          </reporter-output>
        </test-method> <!-- test -->
      </class> <!-- com.voot.Voot -->
    </test> <!-- Default test -->
  </suite> <!-- Default suite -->
</testng-results>
